# JRE version: OpenJDK Runtime Environment (7.0_51) (build 1.7.0_51-b00)
# Java VM: OpenJDK 64-Bit Server VM (24.45-b08 mixed mode linux-amd64 compressed oops)
Heap
 PSYoungGen      total 2811392K, used 711899K [0x00000006c0000000, 0x00000007d8c80000, 0x0000000800000000)
  eden space 1063936K, 0% used [0x00000006c0000000,0x00000006c0000000,0x0000000700f00000)
  from space 1747456K, 40% used [0x0000000700f00000,0x000000072c636d78,0x000000076b980000)
  to   space 1747456K, 0% used [0x000000076e200000,0x000000076e200000,0x00000007d8c80000)
 ParOldGen       total 7308288K, used 7308242K [0x0000000440000000, 0x00000005fe100000, 0x00000006c0000000)
  object space 7308288K, 99% used [0x0000000440000000,0x00000005fe0f4858,0x00000005fe100000)
 PSPermGen       total 21504K, used 8082K [0x0000000435a00000, 0x0000000436f00000, 0x0000000440000000)
  object space 21504K, 37% used [0x0000000435a00000,0x00000004361e4978,0x0000000436f00000)
GC Heap History (10 events):
Event: 220.268 GC heap after
Heap after GC invocations=62 (full 11):
 PSYoungGen      total 1554432K, used 528160K [0x00000006c0000000, 0x00000007c7b00000, 0x0000000800000000)
  eden space 1026048K, 0% used [0x00000006c0000000,0x00000006c0000000,0x00000006fea00000)
  from space 528384K, 99% used [0x00000006fea00000,0x000000071edc8010,0x000000071ee00000)
  to   space 1628672K, 0% used [0x0000000764480000,0x0000000764480000,0x00000007c7b00000)
 ParOldGen       total 7308288K, used 5456242K [0x0000000440000000, 0x00000005fe100000, 0x00000006c0000000)
  object space 7308288K, 74% used [0x0000000440000000,0x000000058d05cb00,0x00000005fe100000)
 PSPermGen       total 21504K, used 8082K [0x0000000435a00000, 0x0000000436f00000, 0x0000000440000000)
  object space 21504K, 37% used [0x0000000435a00000,0x00000004361e4978,0x0000000436f00000)
}
Event: 224.268 GC heap before
{Heap before GC invocations=63 (full 11):
 PSYoungGen      total 1554432K, used 1554208K [0x00000006c0000000, 0x00000007c7b00000, 0x0000000800000000)
  eden space 1026048K, 100% used [0x00000006c0000000,0x00000006fea00000,0x00000006fea00000)
  from space 528384K, 99% used [0x00000006fea00000,0x000000071edc8010,0x000000071ee00000)
  to   space 1628672K, 0% used [0x0000000764480000,0x0000000764480000,0x00000007c7b00000)
 ParOldGen       total 7308288K, used 5456242K [0x0000000440000000, 0x00000005fe100000, 0x00000006c0000000)
  object space 7308288K, 74% used [0x0000000440000000,0x000000058d05cb00,0x00000005fe100000)
 PSPermGen       total 21504K, used 8082K [0x0000000435a00000, 0x0000000436f00000, 0x0000000440000000)
  object space 21504K, 37% used [0x0000000435a00000,0x00000004361e4978,0x0000000436f00000)
Event: 224.445 GC heap after
Heap after GC invocations=63 (full 11):
 PSYoungGen      total 2659328K, used 1054528K [0x00000006c0000000, 0x00000007cb780000, 0x0000000800000000)
  eden space 1030656K, 0% used [0x00000006c0000000,0x00000006c0000000,0x00000006fee80000)
  from space 1628672K, 64% used [0x0000000764480000,0x00000007a4a50010,0x00000007c7b00000)
  to   space 1660928K, 0% used [0x00000006fee80000,0x00000006fee80000,0x0000000764480000)
 ParOldGen       total 7308288K, used 5456242K [0x0000000440000000, 0x00000005fe100000, 0x00000006c0000000)
  object space 7308288K, 74% used [0x0000000440000000,0x000000058d05cb00,0x00000005fe100000)
 PSPermGen       total 21504K, used 8082K [0x0000000435a00000, 0x0000000436f00000, 0x0000000440000000)
  object space 21504K, 37% used [0x0000000435a00000,0x00000004361e4978,0x0000000436f00000)
}
Event: 228.452 GC heap before
{Heap before GC invocations=64 (full 11):
 PSYoungGen      total 2659328K, used 2085184K [0x00000006c0000000, 0x00000007cb780000, 0x0000000800000000)
  eden space 1030656K, 100% used [0x00000006c0000000,0x00000006fee80000,0x00000006fee80000)
  from space 1628672K, 64% used [0x0000000764480000,0x00000007a4a50010,0x00000007c7b00000)
  to   space 1660928K, 0% used [0x00000006fee80000,0x00000006fee80000,0x0000000764480000)
 ParOldGen       total 7308288K, used 5456242K [0x0000000440000000, 0x00000005fe100000, 0x00000006c0000000)
  object space 7308288K, 74% used [0x0000000440000000,0x000000058d05cb00,0x00000005fe100000)
 PSPermGen       total 21504K, used 8082K [0x0000000435a00000, 0x0000000436f00000, 0x0000000440000000)
  object space 21504K, 37% used [0x0000000435a00000,0x00000004361e4978,0x0000000436f00000)
Event: 228.666 GC heap after
Heap after GC invocations=64 (full 11):
 PSYoungGen      total 2691584K, used 1582944K [0x00000006c0000000, 0x00000007d6400000, 0x0000000800000000)
  eden space 1030656K, 0% used [0x00000006c0000000,0x00000006c0000000,0x00000006fee80000)
  from space 1660928K, 95% used [0x00000006fee80000,0x000000075f858010,0x0000000764480000)
  to   space 1747456K, 0% used [0x000000076b980000,0x000000076b980000,0x00000007d6400000)
 ParOldGen       total 7308288K, used 5456242K [0x0000000440000000, 0x00000005fe100000, 0x00000006c0000000)
  object space 7308288K, 74% used [0x0000000440000000,0x000000058d05cb00,0x00000005fe100000)
 PSPermGen       total 21504K, used 8082K [0x0000000435a00000, 0x0000000436f00000, 0x0000000440000000)
  object space 21504K, 37% used [0x0000000435a00000,0x00000004361e4978,0x0000000436f00000)
}
Event: 231.794 GC heap before
{Heap before GC invocations=65 (full 11):
 PSYoungGen      total 2691584K, used 2613600K [0x00000006c0000000, 0x00000007d6400000, 0x0000000800000000)
  eden space 1030656K, 100% used [0x00000006c0000000,0x00000006fee80000,0x00000006fee80000)
  from space 1660928K, 95% used [0x00000006fee80000,0x000000075f858010,0x0000000764480000)
  to   space 1747456K, 0% used [0x000000076b980000,0x000000076b980000,0x00000007d6400000)
 ParOldGen       total 7308288K, used 5456242K [0x0000000440000000, 0x00000005fe100000, 0x00000006c0000000)
  object space 7308288K, 74% used [0x0000000440000000,0x000000058d05cb00,0x00000005fe100000)
 PSPermGen       total 21504K, used 8082K [0x0000000435a00000, 0x0000000436f00000, 0x0000000440000000)
  object space 21504K, 37% used [0x0000000435a00000,0x00000004361e4978,0x0000000436f00000)
Event: 232.103 GC heap after
Heap after GC invocations=65 (full 11):
 PSYoungGen      total 2811392K, used 1747424K [0x00000006c0000000, 0x00000007d6800000, 0x0000000800000000)
  eden space 1063936K, 0% used [0x00000006c0000000,0x00000006c0000000,0x0000000700f00000)
  from space 1747456K, 99% used [0x000000076b980000,0x00000007d63f8010,0x00000007d6400000)
  to   space 1747456K, 0% used [0x0000000700f00000,0x0000000700f00000,0x000000076b980000)
 ParOldGen       total 7308288K, used 5850842K [0x0000000440000000, 0x00000005fe100000, 0x00000006c0000000)
  object space 7308288K, 80% used [0x0000000440000000,0x00000005a51b6b00,0x00000005fe100000)
 PSPermGen       total 21504K, used 8082K [0x0000000435a00000, 0x0000000436f00000, 0x0000000440000000)
  object space 21504K, 37% used [0x0000000435a00000,0x00000004361e4978,0x0000000436f00000)
}
Event: 235.601 GC heap before
{Heap before GC invocations=66 (full 11):
 PSYoungGen      total 2811392K, used 2811360K [0x00000006c0000000, 0x00000007d6800000, 0x0000000800000000)
  eden space 1063936K, 100% used [0x00000006c0000000,0x0000000700f00000,0x0000000700f00000)
  from space 1747456K, 99% used [0x000000076b980000,0x00000007d63f8010,0x00000007d6400000)
  to   space 1747456K, 0% used [0x0000000700f00000,0x0000000700f00000,0x000000076b980000)
 ParOldGen       total 7308288K, used 5850842K [0x0000000440000000, 0x00000005fe100000, 0x00000006c0000000)
  object space 7308288K, 80% used [0x0000000440000000,0x00000005a51b6b00,0x00000005fe100000)
 PSPermGen       total 21504K, used 8082K [0x0000000435a00000, 0x0000000436f00000, 0x0000000440000000)
  object space 21504K, 37% used [0x0000000435a00000,0x00000004361e4978,0x0000000436f00000)
Event: 235.949 GC heap after
Heap after GC invocations=66 (full 11):
 PSYoungGen      total 2811392K, used 1747424K [0x00000006c0000000, 0x00000007d8c80000, 0x0000000800000000)
  eden space 1063936K, 0% used [0x00000006c0000000,0x00000006c0000000,0x0000000700f00000)
  from space 1747456K, 99% used [0x0000000700f00000,0x000000076b978010,0x000000076b980000)
  to   space 1747456K, 0% used [0x000000076e200000,0x000000076e200000,0x00000007d8c80000)
 ParOldGen       total 7308288K, used 6439618K [0x0000000440000000, 0x00000005fe100000, 0x00000006c0000000)
  object space 7308288K, 88% used [0x0000000440000000,0x00000005c90b0b00,0x00000005fe100000)
 PSPermGen       total 21504K, used 8082K [0x0000000435a00000, 0x0000000436f00000, 0x0000000440000000)
  object space 21504K, 37% used [0x0000000435a00000,0x00000004361e4978,0x0000000436f00000)
}
Event: 235.949 GC heap before
{Heap before GC invocations=67 (full 12):
 PSYoungGen      total 2811392K, used 1747424K [0x00000006c0000000, 0x00000007d8c80000, 0x0000000800000000)
  eden space 1063936K, 0% used [0x00000006c0000000,0x00000006c0000000,0x0000000700f00000)
  from space 1747456K, 99% used [0x0000000700f00000,0x000000076b978010,0x000000076b980000)
  to   space 1747456K, 0% used [0x000000076e200000,0x000000076e200000,0x00000007d8c80000)
 ParOldGen       total 7308288K, used 6439618K [0x0000000440000000, 0x00000005fe100000, 0x00000006c0000000)
  object space 7308288K, 88% used [0x0000000440000000,0x00000005c90b0b00,0x00000005fe100000)
 PSPermGen       total 21504K, used 8082K [0x0000000435a00000, 0x0000000436f00000, 0x0000000440000000)
  object space 21504K, 37% used [0x0000000435a00000,0x00000004361e4978,0x0000000436f00000)

